0 info it worked if it ends with ok
1 verbose cli [ 'node', '/usr/local/bin/npm', 'i', '-g', 'lodash' ]
2 info using npm@1.4.28
3 info using node@v0.10.33
4 verbose cache add [ 'lodash', null ]
5 verbose cache add name=undefined spec="lodash" args=["lodash",null]
6 verbose parsed url { protocol: null,
6 verbose parsed url   slashes: null,
6 verbose parsed url   auth: null,
6 verbose parsed url   host: null,
6 verbose parsed url   port: null,
6 verbose parsed url   hostname: null,
6 verbose parsed url   hash: null,
6 verbose parsed url   search: null,
6 verbose parsed url   query: null,
6 verbose parsed url   pathname: 'lodash',
6 verbose parsed url   path: 'lodash',
6 verbose parsed url   href: 'lodash' }
7 silly lockFile 901466a5-lodash lodash
8 verbose lock lodash /Users/martin/.npm/901466a5-lodash.lock
9 silly lockFile 901466a5-lodash lodash
10 silly lockFile 901466a5-lodash lodash
11 verbose addNamed [ 'lodash', '' ]
12 verbose addNamed [ null, '*' ]
13 silly lockFile f856e425-lodash lodash@
14 verbose lock lodash@ /Users/martin/.npm/f856e425-lodash.lock
15 silly addNameRange { name: 'lodash', range: '*', hasData: false }
16 verbose request where is /lodash
17 verbose request registry https://registry.npmjs.org/
18 verbose request id 46c9ab05d53d67f6
19 verbose url raw /lodash
20 verbose url resolving [ 'https://registry.npmjs.org/', './lodash' ]
21 verbose url resolved https://registry.npmjs.org/lodash
22 verbose request where is https://registry.npmjs.org/lodash
23 info trying registry request attempt 1 at 22:28:09
24 verbose etag "BR1H6QL7N7I963NCQSZB1F9UK"
25 http GET https://registry.npmjs.org/lodash
26 http 304 https://registry.npmjs.org/lodash
27 silly registry.get cb [ 304,
27 silly registry.get   { date: 'Fri, 12 Dec 2014 21:28:07 GMT',
27 silly registry.get     server: 'Apache',
27 silly registry.get     via: '1.1 varnish',
27 silly registry.get     'last-modified': 'Fri, 12 Dec 2014 21:28:07 GMT',
27 silly registry.get     'cache-control': 'max-age=60',
27 silly registry.get     etag: '"BR1H6QL7N7I963NCQSZB1F9UK"',
27 silly registry.get     age: '0',
27 silly registry.get     'x-served-by': 'cache-ams4131-AMS',
27 silly registry.get     'x-cache': 'HIT',
27 silly registry.get     'x-cache-hits': '1',
27 silly registry.get     'x-timer': 'S1418419687.730386,VS0,VE164',
27 silly registry.get     vary: 'Accept',
27 silly registry.get     'content-length': '0',
27 silly registry.get     'keep-alive': 'timeout=10, max=50',
27 silly registry.get     connection: 'Keep-Alive' } ]
28 verbose etag https://registry.npmjs.org/lodash from cache
29 silly addNameRange number 2 { name: 'lodash', range: '*', hasData: true }
30 silly addNameRange versions [ 'lodash',
30 silly addNameRange   [ '0.1.0',
30 silly addNameRange     '0.2.0',
30 silly addNameRange     '0.2.1',
30 silly addNameRange     '0.2.2',
30 silly addNameRange     '0.3.0',
30 silly addNameRange     '0.3.1',
30 silly addNameRange     '0.3.2',
30 silly addNameRange     '0.4.0',
30 silly addNameRange     '0.4.1',
30 silly addNameRange     '0.4.2',
30 silly addNameRange     '0.5.0-rc.1',
30 silly addNameRange     '0.5.0',
30 silly addNameRange     '0.5.1',
30 silly addNameRange     '0.5.2',
30 silly addNameRange     '0.6.0',
30 silly addNameRange     '0.6.1',
30 silly addNameRange     '0.7.0',
30 silly addNameRange     '0.8.0',
30 silly addNameRange     '0.8.1',
30 silly addNameRange     '0.8.2',
30 silly addNameRange     '0.9.0',
30 silly addNameRange     '0.9.1',
30 silly addNameRange     '0.9.2',
30 silly addNameRange     '0.10.0',
30 silly addNameRange     '1.0.0-rc.1',
30 silly addNameRange     '1.0.0-rc.2',
30 silly addNameRange     '1.0.0-rc.3',
30 silly addNameRange     '1.0.0',
30 silly addNameRange     '1.0.1',
30 silly addNameRange     '1.1.0',
30 silly addNameRange     '1.1.1',
30 silly addNameRange     '1.2.0',
30 silly addNameRange     '1.2.1',
30 silly addNameRange     '1.3.0',
30 silly addNameRange     '1.3.1',
30 silly addNameRange     '2.0.0',
30 silly addNameRange     '2.1.0',
30 silly addNameRange     '2.2.0',
30 silly addNameRange     '2.2.1',
30 silly addNameRange     '2.3.0',
30 silly addNameRange     '2.4.0',
30 silly addNameRange     '2.4.1' ] ]
31 verbose addNamed [ 'lodash', '2.4.1' ]
32 verbose addNamed [ '2.4.1', '2.4.1' ]
33 silly lockFile 8502be2a-lodash-2-4-1 lodash@2.4.1
34 verbose lock lodash@2.4.1 /Users/martin/.npm/8502be2a-lodash-2-4-1.lock
35 silly lockFile 8502be2a-lodash-2-4-1 lodash@2.4.1
36 silly lockFile 8502be2a-lodash-2-4-1 lodash@2.4.1
37 silly lockFile f856e425-lodash lodash@
38 silly lockFile f856e425-lodash lodash@
39 silly resolved [ { name: 'lodash',
39 silly resolved     version: '2.4.1',
39 silly resolved     description: 'A utility library delivering consistency, customization, performance, & extras.',
39 silly resolved     homepage: 'http://lodash.com/',
39 silly resolved     license: 'MIT',
39 silly resolved     main: 'dist/lodash.js',
39 silly resolved     keywords:
39 silly resolved      [ 'amd',
39 silly resolved        'browser',
39 silly resolved        'client',
39 silly resolved        'customize',
39 silly resolved        'functional',
39 silly resolved        'server',
39 silly resolved        'util' ],
39 silly resolved     author:
39 silly resolved      { name: 'John-David Dalton',
39 silly resolved        email: 'john.david.dalton@gmail.com',
39 silly resolved        url: 'http://allyoucanleet.com/' },
39 silly resolved     contributors: [ [Object], [Object], [Object], [Object] ],
39 silly resolved     bugs: { url: 'https://github.com/lodash/lodash/issues' },
39 silly resolved     repository: { type: 'git', url: 'https://github.com/lodash/lodash.git' },
39 silly resolved     engines: [ 'node', 'rhino' ],
39 silly resolved     files:
39 silly resolved      [ 'LICENSE.txt',
39 silly resolved        'lodash.js',
39 silly resolved        'dist/lodash.js',
39 silly resolved        'dist/lodash.min.js',
39 silly resolved        'dist/lodash.compat.js',
39 silly resolved        'dist/lodash.compat.min.js',
39 silly resolved        'dist/lodash.underscore.js',
39 silly resolved        'dist/lodash.underscore.min.js' ],
39 silly resolved     jam: { main: 'dist/lodash.compat.js', include: [Object] },
39 silly resolved     volo: { type: 'directory', ignore: [Object] },
39 silly resolved     _id: 'lodash@2.4.1',
39 silly resolved     dist:
39 silly resolved      { shasum: '5b7723034dda4d262e5a46fb2c58d7cc22f71420',
39 silly resolved        tarball: 'http://registry.npmjs.org/lodash/-/lodash-2.4.1.tgz' },
39 silly resolved     _from: 'lodash@',
39 silly resolved     _npmVersion: '1.3.14',
39 silly resolved     _npmUser: { name: 'jdalton', email: 'john.david.dalton@gmail.com' },
39 silly resolved     maintainers: [ [Object], [Object], [Object], [Object] ],
39 silly resolved     directories: {},
39 silly resolved     _shasum: '5b7723034dda4d262e5a46fb2c58d7cc22f71420',
39 silly resolved     _resolved: 'https://registry.npmjs.org/lodash/-/lodash-2.4.1.tgz',
39 silly resolved     readme: 'ERROR: No README data found!',
39 silly resolved     scripts: {} } ]
40 info install lodash@2.4.1 into /usr/local/lib
41 info installOne lodash@2.4.1
42 verbose lib/node_modules/lodash unbuild
43 verbose tar unpack /Users/martin/.npm/lodash/2.4.1/package.tgz
44 silly lockFile bbae722a-sr-local-lib-node-modules-lodash tar:///usr/local/lib/node_modules/lodash
45 verbose lock tar:///usr/local/lib/node_modules/lodash /Users/martin/.npm/bbae722a-sr-local-lib-node-modules-lodash.lock
46 silly lockFile a8873599-tin-npm-lodash-2-4-1-package-tgz tar:///Users/martin/.npm/lodash/2.4.1/package.tgz
47 verbose lock tar:///Users/martin/.npm/lodash/2.4.1/package.tgz /Users/martin/.npm/a8873599-tin-npm-lodash-2-4-1-package-tgz.lock
48 silly gunzTarPerm modes [ '755', '644' ]
49 error Error: EACCES, mkdir '/usr/local/lib/node_modules/lodash'
49 error  { [Error: EACCES, mkdir '/usr/local/lib/node_modules/lodash']
49 error   errno: 3,
49 error   code: 'EACCES',
49 error   path: '/usr/local/lib/node_modules/lodash',
49 error   fstream_type: 'Directory',
49 error   fstream_path: '/usr/local/lib/node_modules/lodash',
49 error   fstream_class: 'DirWriter',
49 error   fstream_stack:
49 error    [ '/usr/local/lib/node_modules/npm/node_modules/fstream/lib/dir-writer.js:36:23',
49 error      '/usr/local/lib/node_modules/npm/node_modules/mkdirp/index.js:46:53',
49 error      'Object.oncomplete (fs.js:107:15)' ] }
50 error Please try running this command again as root/Administrator.
51 error System Darwin 14.0.0
52 error command "node" "/usr/local/bin/npm" "i" "-g" "lodash"
53 error cwd /Users/martin/onsproject/onsAngular
54 error node -v v0.10.33
55 error npm -v 1.4.28
56 error path /usr/local/lib/node_modules/lodash
57 error fstream_path /usr/local/lib/node_modules/lodash
58 error fstream_type Directory
59 error fstream_class DirWriter
60 error code EACCES
61 error errno 3
62 error stack Error: EACCES, mkdir '/usr/local/lib/node_modules/lodash'
63 error fstream_stack /usr/local/lib/node_modules/npm/node_modules/fstream/lib/dir-writer.js:36:23
63 error fstream_stack /usr/local/lib/node_modules/npm/node_modules/mkdirp/index.js:46:53
63 error fstream_stack Object.oncomplete (fs.js:107:15)
64 verbose exit [ 3, true ]
